# Server version 0.08 running on DESKTOP-HSPQEDE:8123
# Game ID: 39
# Board class: pentago_twist.PentagoBoard
# Timeout: 20000
# First Move Timeout: 30000
# Date: Sat Apr 10 17:15:35 EDT 2021
# Player 1: Player-0, '260910524', running on DESKTOP-HSPQEDE
# Player 2: Player-1, 'Human', running on DESKTOP-HSPQEDE
START Player-0 260910524
START Player-1 Human
1 1 0 0 0
3 2 1 1 1
2 0 1 1 0
3 1 1 1 1
4 4 2 0 0
3 2 0 0 1
5 3 2 0 0
2 2 2 0 1
3 5 2 0 0
3 3 0 0 1
1 0 0 0 0
3 4 0 0 1
GAMEOVER WINNER 1
# Game ended: Sat Apr 10 17:16:12 EDT 2021
