# Server version 0.08 running on DESKTOP-HSPQEDE:8123
# Game ID: 261
# Board class: pentago_twist.PentagoBoard
# Timeout: 2000
# First Move Timeout: 30000
# Date: Sun Apr 11 21:45:42 EDT 2021
# Player 1: Player-0, 'MCTS', running on 127.0.0.1
# Player 2: Player-1, 'MCTS+BruteForce', running on 127.0.0.1
START Player-0 MCTS
START Player-1 MCTS+BruteForce
4 4 1 1 0
5 4 0 0 1
1 1 0 1 0
5 3 3 0 1
0 2 0 0 0
5 3 3 0 1
5 3 1 1 0
5 5 3 1 1
0 0 3 0 0
5 4 3 1 1
3 4 3 1 0
5 2 3 1 1
2 4 3 0 0
5 4 3 1 1
0 4 3 0 0
1 4 3 1 1
0 1 3 0 0
5 1 3 1 1
0 5 3 1 0
5 0 3 1 1
GAMEOVER WINNER 1
# Game ended: Sun Apr 11 21:46:07 EDT 2021
