# Server version 0.08 running on DESKTOP-HSPQEDE:8123
# Game ID: 94
# Board class: pentago_twist.PentagoBoard
# Timeout: 20000
# First Move Timeout: 30000
# Date: Sun Apr 11 19:31:18 EDT 2021
# Player 1: Player-0, '260910524', running on 127.0.0.1
# Player 2: Player-1, 'RandomPlayer', running on 127.0.0.1
START Player-0 260910524
START Player-1 RandomPlayer
0 3 1 1 0
0 1 1 1 1
0 4 2 1 0
4 4 3 1 1
0 5 1 1 0
2 5 1 0 1
3 3 1 0 0
4 1 3 0 1
4 5 1 0 0
3 4 1 0 1
0 0 1 0 0
GAMEOVER WINNER 0
# Game ended: Sun Apr 11 19:31:27 EDT 2021
