# Server version 0.08 running on DESKTOP-HSPQEDE:8123
# Game ID: 257
# Board class: pentago_twist.PentagoBoard
# Timeout: 2000
# First Move Timeout: 30000
# Date: Sun Apr 11 21:44:23 EDT 2021
# Player 1: Player-0, 'MCTS', running on 127.0.0.1
# Player 2: Player-1, 'MCTS+BruteForce', running on 127.0.0.1
START Player-0 MCTS
START Player-1 MCTS+BruteForce
1 0 0 1 0
2 5 0 0 1
1 1 2 1 0
1 4 2 1 1
4 1 0 1 0
5 1 0 0 1
3 2 3 1 0
1 5 2 0 1
1 2 3 0 0
5 5 2 0 1
4 0 2 0 0
4 0 2 0 1
4 0 2 0 0
2 1 2 0 1
4 4 2 0 0
5 4 3 1 1
0 0 0 0 0
GAMEOVER WINNER 0
# Game ended: Sun Apr 11 21:44:44 EDT 2021
