# Server version 0.08 running on DESKTOP-HSPQEDE:8123
# Game ID: 303
# Board class: pentago_twist.PentagoBoard
# Timeout: 2000
# First Move Timeout: 30000
# Date: Sun Apr 11 22:15:32 EDT 2021
# Player 1: Player-0, '260910524', running on DESKTOP-HSPQEDE
# Player 2: Player-1, 'Human', running on DESKTOP-HSPQEDE
START Player-0 260910524
START Player-1 Human
2 1 1 1 0
1 4 2 0 1
1 2 1 1 0
2 3 2 0 1
3 1 0 1 0
4 1 2 0 1
3 2 1 1 0
3 0 2 0 1
5 5 2 1 0
0 3 2 0 1
5 4 2 1 0
4 3 2 1 1
5 3 2 1 0
4 5 1 0 1
5 2 1 1 0
5 0 3 0 1
3 1 3 0 0
GAMEOVER WINNER 0
# Game ended: Sun Apr 11 22:22:10 EDT 2021
