# Server version 0.08 running on DESKTOP-HSPQEDE:8123
# Game ID: 31
# Board class: pentago_twist.PentagoBoard
# Timeout: 2000
# First Move Timeout: 30000
# Date: Mon Apr 12 20:50:00 EDT 2021
# Player 1: Player-0, 'MCTS+BruteForce', running on 127.0.0.1
# Player 2: Player-1, 'BruteForce', running on 127.0.0.1
START Player-0 MCTS+BruteForce
START Player-1 BruteForce
5 2 2 1 0
5 1 0 0 1
3 1 0 0 0
3 4 3 0 1
1 3 2 1 0
4 0 0 0 1
1 4 0 0 0
2 1 1 0 1
4 1 3 0 0
0 2 0 1 1
3 0 2 1 0
2 3 2 1 1
2 5 2 0 0
5 5 2 1 1
0 3 2 0 0
3 0 2 1 1
0 5 1 0 0
5 3 3 1 1
5 0 2 1 0
GAMEOVER WINNER 0
# Game ended: Mon Apr 12 20:50:16 EDT 2021
