# Server version 0.08 running on DESKTOP-HSPQEDE:8123
# Game ID: 216
# Board class: pentago_twist.PentagoBoard
# Timeout: 2000
# First Move Timeout: 30000
# Date: Sun Apr 11 21:30:28 EDT 2021
# Player 1: Player-0, 'MCTS+BruteForce', running on 127.0.0.1
# Player 2: Player-1, 'MCTS', running on 127.0.0.1
START Player-0 MCTS+BruteForce
START Player-1 MCTS
1 5 3 1 0
1 1 3 1 1
1 3 2 0 0
4 4 0 1 1
0 4 1 0 0
4 1 3 1 1
3 1 2 1 0
4 2 2 0 1
3 1 3 0 0
2 2 1 1 1
0 2 2 1 0
0 0 0 1 1
2 2 3 1 0
GAMEOVER WINNER 0
# Game ended: Sun Apr 11 21:30:46 EDT 2021
