# Server version 0.08 running on DESKTOP-HSPQEDE:8123
# Game ID: 49
# Board class: pentago_twist.PentagoBoard
# Timeout: 20000
# First Move Timeout: 30000
# Date: Sat Apr 10 18:04:48 EDT 2021
# Player 1: Player-0, '260910524', running on DESKTOP-HSPQEDE
# Player 2: Player-1, 'Human', running on DESKTOP-HSPQEDE
START Player-0 260910524
START Player-1 Human
1 1 1 0 0
4 0 1 1 1
2 5 3 0 0
5 0 1 1 1
1 2 2 0 0
3 3 1 1 1
5 4 0 1 0
3 4 1 1 1
3 2 0 1 0
4 2 0 0 1
1 5 0 1 0
2 2 1 1 1
5 3 2 1 0
3 5 0 0 1
GAMEOVER WINNER 1
# Game ended: Sat Apr 10 18:05:28 EDT 2021
