# Server version 0.08 running on DESKTOP-HSPQEDE:8123
# Game ID: 177
# Board class: pentago_twist.PentagoBoard
# Timeout: 20000
# First Move Timeout: 30000
# Date: Sun Apr 11 20:13:31 EDT 2021
# Player 1: Player-0, 'BruteForce', running on 127.0.0.1
# Player 2: Player-1, '260910524', running on 127.0.0.1
START Player-0 BruteForce
START Player-1 260910524
5 3 3 0 0
4 4 1 1 1
0 0 0 1 0
1 4 0 1 1
5 5 3 0 0
4 5 1 0 1
2 2 0 1 0
4 3 0 0 1
2 4 3 1 0
4 1 3 0 1
5 5 3 1 0
1 5 1 0 1
GAMEOVER WINNER 1
# Game ended: Sun Apr 11 20:13:43 EDT 2021
