# Server version 0.08 running on DESKTOP-HSPQEDE:8123
# Game ID: 195
# Board class: pentago_twist.PentagoBoard
# Timeout: 20000
# First Move Timeout: 30000
# Date: Sun Apr 11 14:45:06 EDT 2021
# Player 1: Player-0, '260910524', running on DESKTOP-HSPQEDE
# Player 2: Player-1, 'Human', running on DESKTOP-HSPQEDE
START Player-0 260910524
START Player-1 Human
0 0 0 0 0
3 0 1 1 1
0 4 2 0 0
3 1 1 1 1
1 3 2 0 0
3 2 3 1 1
1 5 2 0 0
5 3 1 1 1
5 5 3 0 0
4 2 0 0 1
5 5 3 1 0
3 1 1 0 1
5 4 3 1 0
4 1 3 1 1
4 5 3 1 0
3 2 3 0 1
2 5 3 1 0
GAMEOVER WINNER 0
# Game ended: Sun Apr 11 14:46:02 EDT 2021
