# Server version 0.08 running on DESKTOP-HSPQEDE:8123
# Game ID: 48
# Board class: pentago_twist.PentagoBoard
# Timeout: 2000
# First Move Timeout: 30000
# Date: Mon Apr 12 20:55:40 EDT 2021
# Player 1: Player-0, 'BruteForce', running on 127.0.0.1
# Player 2: Player-1, 'MCTS+BruteForce', running on 127.0.0.1
START Player-0 BruteForce
START Player-1 MCTS+BruteForce
1 5 0 1 0
1 0 3 1 1
0 4 1 1 0
4 5 1 1 1
4 1 1 1 0
1 5 3 0 1
4 3 0 1 0
2 1 1 0 1
0 3 2 0 0
0 5 2 0 1
0 0 1 1 0
4 5 1 1 1
5 5 2 1 0
3 2 3 1 1
5 5 3 0 0
4 5 3 0 1
1 4 3 1 0
5 5 0 1 1
GAMEOVER WINNER 1
# Game ended: Mon Apr 12 20:56:01 EDT 2021
