# Server version 0.08 running on DESKTOP-HSPQEDE:8123
# Game ID: 38
# Board class: pentago_twist.PentagoBoard
# Timeout: 2000
# First Move Timeout: 30000
# Date: Mon Apr 12 20:52:24 EDT 2021
# Player 1: Player-0, 'BruteForce', running on 127.0.0.1
# Player 2: Player-1, 'MCTS+BruteForce', running on 127.0.0.1
START Player-0 BruteForce
START Player-1 MCTS+BruteForce
0 3 1 0 0
4 1 1 1 1
0 1 2 1 0
4 5 0 1 1
3 5 0 1 0
4 3 3 0 1
0 4 0 0 0
4 4 2 0 1
1 1 1 1 0
4 2 3 0 1
GAMEOVER WINNER 1
# Game ended: Mon Apr 12 20:52:36 EDT 2021
