# Server version 0.08 running on DESKTOP-HSPQEDE:8123
# Game ID: 69
# Board class: pentago_twist.PentagoBoard
# Timeout: 2000
# First Move Timeout: 30000
# Date: Mon Apr 12 21:03:28 EDT 2021
# Player 1: Player-0, 'MCTS+BruteForce', running on 127.0.0.1
# Player 2: Player-1, 'BruteForce', running on 127.0.0.1
START Player-0 MCTS+BruteForce
START Player-1 BruteForce
1 5 0 0 0
4 3 0 1 1
3 4 1 1 0
0 4 1 0 1
5 3 2 1 0
3 3 1 1 1
4 4 1 0 0
2 4 0 0 1
1 4 3 0 0
GAMEOVER TIMEOUT WINNER 0
# Game ended: Mon Apr 12 21:03:43 EDT 2021
