# Server version 0.08 running on DESKTOP-HSPQEDE:8123
# Game ID: 161
# Board class: pentago_twist.PentagoBoard
# Timeout: 20000
# First Move Timeout: 30000
# Date: Sat Apr 10 23:27:20 EDT 2021
# Player 1: Player-0, 'RandomPlayer', running on 127.0.0.1
# Player 2: Player-1, '260910524', running on 127.0.0.1
START Player-0 RandomPlayer
START Player-1 260910524
0 0 1 0 0
2 3 1 0 1
2 4 1 0 0
5 2 1 1 1
5 0 2 1 0
3 2 1 0 1
2 3 1 1 0
3 0 0 1 1
1 3 2 1 0
4 2 1 1 1
1 0 1 1 0
4 5 0 1 1
5 4 1 0 0
5 5 2 0 1
2 1 3 0 0
GAMEOVER WINNER 1
# Game ended: Sat Apr 10 23:27:34 EDT 2021
