# Server version 0.08 running on DESKTOP-HSPQEDE:8123
# Game ID: 189
# Board class: pentago_twist.PentagoBoard
# Timeout: 20000
# First Move Timeout: 30000
# Date: Sun Apr 11 20:17:37 EDT 2021
# Player 1: Player-0, 'BruteForce', running on 127.0.0.1
# Player 2: Player-1, '260910524', running on 127.0.0.1
START Player-0 BruteForce
START Player-1 260910524
4 2 2 1 0
3 5 2 0 1
0 1 2 0 0
5 5 1 0 1
0 4 0 1 0
4 5 2 0 1
0 5 1 0 0
4 2 3 0 1
5 2 3 0 0
3 2 3 1 1
5 4 2 1 0
3 1 3 1 1
5 5 3 1 0
3 3 3 1 1
5 2 3 1 0
GAMEOVER WINNER 0
# Game ended: Sun Apr 11 20:17:53 EDT 2021
