# Server version 0.08 running on DESKTOP-HSPQEDE:8123
# Game ID: 37
# Board class: pentago_twist.PentagoBoard
# Timeout: 20000
# First Move Timeout: 30000
# Date: Sun Apr 11 19:21:43 EDT 2021
# Player 1: Player-0, 'RandomPlayer', running on 127.0.0.1
# Player 2: Player-1, '260910524', running on 127.0.0.1
START Player-0 RandomPlayer
START Player-1 260910524
4 1 1 0 0
1 4 0 0 1
5 0 1 1 0
1 1 0 0 1
2 3 0 0 0
4 4 1 0 1
2 4 1 0 0
5 3 2 0 1
5 1 3 0 0
5 5 1 0 1
0 2 2 1 0
2 0 0 1 1
GAMEOVER WINNER 1
# Game ended: Sun Apr 11 19:21:52 EDT 2021
