# Server version 0.08 running on DESKTOP-HSPQEDE:8123
# Game ID: 198
# Board class: pentago_twist.PentagoBoard
# Timeout: 20000
# First Move Timeout: 30000
# Date: Sun Apr 11 15:04:04 EDT 2021
# Player 1: Player-0, '260910524', running on DESKTOP-HSPQEDE
# Player 2: Player-1, 'Human', running on DESKTOP-HSPQEDE
START Player-0 260910524
START Player-1 Human
0 0 0 0 0
5 0 1 1 1
0 0 0 1 0
5 1 1 1 1
0 1 0 0 0
3 2 1 1 1
0 0 3 0 0
5 2 1 1 1
3 3 1 1 0
5 3 1 1 1
5 5 3 1 0
4 1 0 0 1
4 0 1 0 0
2 3 0 0 1
1 2 1 0 0
1 4 0 0 1
4 3 1 1 0
2 3 3 0 1
GAMEOVER WINNER 1
# Game ended: Sun Apr 11 15:04:53 EDT 2021
