# Server version 0.08 running on DESKTOP-HSPQEDE:8123
# Game ID: 8
# Board class: pentago_twist.PentagoBoard
# Timeout: 20000
# First Move Timeout: 30000
# Date: Mon Apr 05 23:17:22 EDT 2021
# Player 1: Player-0, 'Human', running on DESKTOP-HSPQEDE
# Player 2: Player-1, '260910524', running on DESKTOP-HSPQEDE
START Player-0 Human
START Player-1 260910524
5 0 3 1 0
0 0 0 0 1
4 0 3 1 0
0 0 0 0 1
3 0 1 1 0
0 0 0 0 1
4 1 3 1 0
0 0 0 0 1
4 2 3 1 0
0 1 0 0 1
4 3 0 1 0
0 1 0 0 1
4 4 0 1 0
GAMEOVER WINNER 0
# Game ended: Mon Apr 05 23:18:02 EDT 2021
