# Server version 0.08 running on DESKTOP-HSPQEDE:8123
# Game ID: 232
# Board class: pentago_twist.PentagoBoard
# Timeout: 2000
# First Move Timeout: 30000
# Date: Sun Apr 11 21:36:24 EDT 2021
# Player 1: Player-0, 'MCTS+BruteForce', running on 127.0.0.1
# Player 2: Player-1, 'MCTS', running on 127.0.0.1
START Player-0 MCTS+BruteForce
START Player-1 MCTS
2 2 3 0 0
2 0 1 0 1
1 4 3 0 0
1 1 0 1 1
3 4 1 0 0
4 4 3 1 1
0 0 3 0 0
0 1 3 1 1
1 0 2 1 0
4 1 2 1 1
3 4 0 0 0
3 1 0 0 1
5 1 2 0 0
0 1 2 1 1
3 2 3 1 0
GAMEOVER WINNER 0
# Game ended: Sun Apr 11 21:36:44 EDT 2021
