# Server version 0.08 running on DESKTOP-HSPQEDE:8123
# Game ID: 125
# Board class: pentago_twist.PentagoBoard
# Timeout: 20000
# First Move Timeout: 30000
# Date: Sun Apr 11 19:56:45 EDT 2021
# Player 1: Player-0, 'BruteForce', running on 127.0.0.1
# Player 2: Player-1, '260910524', running on 127.0.0.1
START Player-0 BruteForce
START Player-1 260910524
4 0 3 1 0
1 1 2 0 1
4 4 3 1 0
0 1 3 0 1
0 5 2 0 0
5 1 1 1 1
0 4 3 1 0
4 1 0 0 1
5 5 2 0 0
1 0 2 0 1
5 4 2 0 0
4 0 2 0 1
5 3 3 1 0
0 0 0 0 1
GAMEOVER WINNER 1
# Game ended: Sun Apr 11 19:57:01 EDT 2021
