# Server version 0.08 running on DESKTOP-HSPQEDE:8123
# Game ID: 34
# Board class: pentago_twist.PentagoBoard
# Timeout: 2000
# First Move Timeout: 30000
# Date: Mon Apr 12 20:50:47 EDT 2021
# Player 1: Player-0, 'BruteForce', running on 127.0.0.1
# Player 2: Player-1, 'MCTS+BruteForce', running on 127.0.0.1
START Player-0 BruteForce
START Player-1 MCTS+BruteForce
3 4 0 1 0
2 5 2 1 1
4 0 3 0 0
0 5 2 0 1
5 4 0 0 0
5 3 3 1 1
5 3 3 1 0
1 5 1 0 1
1 4 1 1 0
4 3 3 1 1
5 2 3 0 0
5 5 3 1 1
1 5 1 1 0
1 5 3 0 1
5 1 3 0 0
5 5 3 0 1
GAMEOVER WINNER 1
# Game ended: Mon Apr 12 20:51:06 EDT 2021
