# Server version 0.08 running on DESKTOP-HSPQEDE:8123
# Game ID: 256
# Board class: pentago_twist.PentagoBoard
# Timeout: 2000
# First Move Timeout: 30000
# Date: Sun Apr 11 21:44:07 EDT 2021
# Player 1: Player-0, 'MCTS+BruteForce', running on 127.0.0.1
# Player 2: Player-1, 'MCTS', running on 127.0.0.1
START Player-0 MCTS+BruteForce
START Player-1 MCTS
0 3 1 0 0
0 0 3 1 1
2 2 1 0 0
1 4 2 0 1
1 2 0 1 0
2 2 0 0 1
0 2 0 1 0
2 1 0 0 1
2 4 0 0 0
1 3 1 0 1
2 4 3 1 0
GAMEOVER WINNER 0
# Game ended: Sun Apr 11 21:44:22 EDT 2021
