# Server version 0.08 running on DESKTOP-HSPQEDE:8123
# Game ID: 60
# Board class: pentago_twist.PentagoBoard
# Timeout: 2000
# First Move Timeout: 30000
# Date: Mon Apr 12 21:00:07 EDT 2021
# Player 1: Player-0, 'BruteForce', running on 127.0.0.1
# Player 2: Player-1, 'MCTS+BruteForce', running on 127.0.0.1
START Player-0 BruteForce
START Player-1 MCTS+BruteForce
4 1 0 1 0
1 1 1 1 1
2 5 1 1 0
5 5 3 0 1
0 3 0 1 0
0 2 1 0 1
3 1 1 1 0
4 4 0 1 1
GAMEOVER TIMEOUT WINNER 1
# Game ended: Mon Apr 12 21:00:21 EDT 2021
