# Server version 0.08 running on DESKTOP-HSPQEDE:8123
# Game ID: 219
# Board class: pentago_twist.PentagoBoard
# Timeout: 20000
# First Move Timeout: 30000
# Date: Sun Apr 11 16:28:53 EDT 2021
# Player 1: Player-0, 'Human', running on DESKTOP-HSPQEDE
# Player 2: Player-1, '260910524', running on DESKTOP-HSPQEDE
START Player-0 Human
START Player-1 260910524
1 1 1 1 0
2 2 3 0 1
2 1 1 1 0
0 2 3 0 1
0 1 1 1 0
1 3 0 0 1
3 1 0 0 0
1 0 2 0 1
4 0 2 0 0
0 2 3 0 1
4 1 2 1 0
GAMEOVER WINNER 0
# Game ended: Sun Apr 11 16:30:27 EDT 2021
