# Server version 0.08 running on DESKTOP-HSPQEDE:8123
# Game ID: 147
# Board class: pentago_twist.PentagoBoard
# Timeout: 20000
# First Move Timeout: 30000
# Date: Sat Apr 10 23:23:54 EDT 2021
# Player 1: Player-0, 'RandomPlayer', running on 127.0.0.1
# Player 2: Player-1, '260910524', running on 127.0.0.1
START Player-0 RandomPlayer
START Player-1 260910524
0 3 0 0 0
3 2 0 0 1
3 1 0 0 0
4 2 2 0 1
4 4 2 1 0
5 2 3 1 1
0 4 0 0 0
3 4 2 0 1
0 0 0 0 0
3 3 2 0 1
GAMEOVER WINNER 1
# Game ended: Sat Apr 10 23:24:02 EDT 2021
