# Server version 0.08 running on DESKTOP-HSPQEDE:8123
# Game ID: 72
# Board class: pentago_twist.PentagoBoard
# Timeout: 20000
# First Move Timeout: 30000
# Date: Sat Apr 10 23:04:44 EDT 2021
# Player 1: Player-0, '260910524', running on DESKTOP-HSPQEDE
# Player 2: Player-1, 'Human', running on DESKTOP-HSPQEDE
START Player-0 260910524
START Player-1 Human
3 0 0 1 0
1 0 1 1 1
1 4 0 0 0
1 1 3 1 1
4 1 2 1 0
2 3 3 0 1
5 0 3 0 0
2 1 3 1 1
2 5 1 1 0
GAMEOVER WINNER 0
# Game ended: Sat Apr 10 23:05:14 EDT 2021
