# Server version 0.08 running on DESKTOP-HSPQEDE:8123
# Game ID: 191
# Board class: pentago_twist.PentagoBoard
# Timeout: 20000
# First Move Timeout: 30000
# Date: Sat Apr 10 23:46:55 EDT 2021
# Player 1: Player-0, '260910524', running on DESKTOP-HSPQEDE
# Player 2: Player-1, 'Human', running on DESKTOP-HSPQEDE
START Player-0 260910524
START Player-1 Human
0 3 3 1 0
1 1 1 1 1
0 1 2 0 0
2 1 0 0 1
2 1 0 0 0
0 0 3 1 1
0 4 1 0 0
0 5 1 1 1
2 4 3 0 0
2 2 3 1 1
1 2 3 0 0
4 4 2 1 1
3 3 0 1 0
GAMEOVER ILLEGAL MOVE: Player 1, Move: (0, 0), R/F: (2, 3) WINNER 0
# Game ended: Sat Apr 10 23:49:04 EDT 2021
