# Server version 0.08 running on DESKTOP-HSPQEDE:8123
# Game ID: 226
# Board class: pentago_twist.PentagoBoard
# Timeout: 2000
# First Move Timeout: 30000
# Date: Sun Apr 11 21:34:14 EDT 2021
# Player 1: Player-0, 'MCTS+BruteForce', running on 127.0.0.1
# Player 2: Player-1, 'MCTS', running on 127.0.0.1
START Player-0 MCTS+BruteForce
START Player-1 MCTS
4 4 2 0 0
3 1 2 1 1
4 1 1 1 0
3 0 3 0 1
4 0 2 0 0
5 2 1 1 1
5 1 2 0 0
2 2 1 1 1
5 4 3 0 0
GAMEOVER WINNER 0
# Game ended: Sun Apr 11 21:34:27 EDT 2021
