# Server version 0.08 running on DESKTOP-HSPQEDE:8123
# Game ID: 1
# Board class: pentago_twist.PentagoBoard
# Timeout: 20000
# First Move Timeout: 30000
# Date: Sat Apr 03 16:38:46 EDT 2021
# Player 1: Player-0, 'Human', running on DESKTOP-HSPQEDE
# Player 2: Player-1, 'RandomPlayer', running on DESKTOP-HSPQEDE
START Player-0 Human
START Player-1 RandomPlayer
1 1 3 0 0
4 4 2 0 1
1 2 0 1 0
0 5 1 0 1
1 2 1 1 0
1 4 1 1 1
4 1 1 1 0
0 5 2 1 1
3 1 0 1 0
4 3 1 1 1
5 1 0 0 0
GAMEOVER WINNER 0
# Game ended: Sat Apr 03 16:39:31 EDT 2021
