# Server version 0.08 running on DESKTOP-HSPQEDE:8123
# Game ID: 141
# Board class: pentago_twist.PentagoBoard
# Timeout: 20000
# First Move Timeout: 30000
# Date: Sat Apr 10 23:22:28 EDT 2021
# Player 1: Player-0, 'RandomPlayer', running on 127.0.0.1
# Player 2: Player-1, '260910524', running on 127.0.0.1
START Player-0 RandomPlayer
START Player-1 260910524
2 3 3 0 0
3 3 0 1 1
3 2 1 1 0
4 4 2 0 1
0 4 2 0 0
1 0 3 1 1
2 3 1 1 0
1 1 3 1 1
3 1 3 0 0
5 3 1 0 1
4 3 3 1 0
2 2 2 1 1
GAMEOVER WINNER 1
# Game ended: Sat Apr 10 23:22:38 EDT 2021
