# Server version 0.08 running on DESKTOP-HSPQEDE:8123
# Game ID: 284
# Board class: pentago_twist.PentagoBoard
# Timeout: 2000
# First Move Timeout: 30000
# Date: Sun Apr 11 21:53:34 EDT 2021
# Player 1: Player-0, 'MCTS+BruteForce', running on 127.0.0.1
# Player 2: Player-1, 'MCTS', running on 127.0.0.1
START Player-0 MCTS+BruteForce
START Player-1 MCTS
0 5 2 0 0
2 3 2 1 1
1 4 2 1 0
1 1 0 0 1
0 3 1 1 0
4 1 1 1 1
0 4 2 1 0
1 0 0 0 1
GAMEOVER TIMEOUT WINNER 1
# Game ended: Sun Apr 11 21:53:49 EDT 2021
