# Server version 0.08 running on DESKTOP-HSPQEDE:8123
# Game ID: 112
# Board class: pentago_twist.PentagoBoard
# Timeout: 2000
# First Move Timeout: 30000
# Date: Tue Apr 13 15:18:02 EDT 2021
# Player 1: Player-0, '260910524', running on 127.0.0.1
# Player 2: Player-1, 'RandomPlayer', running on 127.0.0.1
START Player-0 260910524
START Player-1 RandomPlayer
5 2 0 0 0
3 2 3 0 1
0 0 2 1 0
4 2 3 0 1
1 0 2 0 0
3 3 0 1 1
2 2 2 0 0
1 1 1 0 1
4 2 3 1 0
GAMEOVER WINNER 0
# Game ended: Tue Apr 13 15:18:08 EDT 2021
