# Server version 0.08 running on DESKTOP-HSPQEDE:8123
# Game ID: 101
# Board class: pentago_twist.PentagoBoard
# Timeout: 2000
# First Move Timeout: 30000
# Date: Mon Apr 12 21:38:55 EDT 2021
# Player 1: Player-0, 'Human', running on DESKTOP-HSPQEDE
# Player 2: Player-1, '260910524', running on DESKTOP-HSPQEDE
START Player-0 Human
START Player-1 260910524
1 1 1 1 0
4 1 1 0 1
2 1 1 1 0
4 4 0 1 1
0 1 1 1 0
1 4 3 0 1
1 3 0 0 0
2 5 2 0 1
2 2 1 1 0
0 5 2 0 1
3 2 1 1 0
3 0 1 0 1
4 2 1 1 0
5 5 2 0 1
3 3 3 1 0
5 5 1 1 1
GAMEOVER WINNER 1
# Game ended: Mon Apr 12 21:39:50 EDT 2021
