# Server version 0.08 running on DESKTOP-HSPQEDE:8123
# Game ID: 9
# Board class: pentago_twist.PentagoBoard
# Timeout: 2000
# First Move Timeout: 30000
# Date: Mon Apr 12 20:42:48 EDT 2021
# Player 1: Player-0, 'MCTS+BruteForce', running on 127.0.0.1
# Player 2: Player-1, 'BruteForce', running on 127.0.0.1
START Player-0 MCTS+BruteForce
START Player-1 BruteForce
1 1 0 0 0
3 1 2 0 1
5 1 2 0 0
1 5 2 1 1
0 1 1 0 0
2 0 3 1 1
4 0 1 1 0
5 5 2 1 1
4 1 2 0 0
2 1 2 0 1
1 2 0 0 0
5 4 3 1 1
5 5 2 0 0
GAMEOVER WINNER 0
# Game ended: Mon Apr 12 20:42:59 EDT 2021
