# Server version 0.08 running on DESKTOP-HSPQEDE:8123
# Game ID: 47
# Board class: pentago_twist.PentagoBoard
# Timeout: 2000
# First Move Timeout: 30000
# Date: Mon Apr 12 20:55:19 EDT 2021
# Player 1: Player-0, 'MCTS+BruteForce', running on 127.0.0.1
# Player 2: Player-1, 'BruteForce', running on 127.0.0.1
START Player-0 MCTS+BruteForce
START Player-1 BruteForce
2 2 0 1 0
1 0 0 0 1
1 3 3 1 0
3 1 2 0 1
4 1 1 1 0
1 3 2 1 1
0 4 1 0 0
3 1 0 1 1
1 4 0 0 0
3 0 3 0 1
3 2 1 1 0
5 2 1 0 1
2 5 3 1 0
GAMEOVER TIMEOUT WINNER 0
# Game ended: Mon Apr 12 20:55:38 EDT 2021
