# Server version 0.08 running on DESKTOP-HSPQEDE:8123
# Game ID: 152
# Board class: pentago_twist.PentagoBoard
# Timeout: 20000
# First Move Timeout: 30000
# Date: Sat Apr 10 23:24:52 EDT 2021
# Player 1: Player-0, '260910524', running on 127.0.0.1
# Player 2: Player-1, 'RandomPlayer', running on 127.0.0.1
START Player-0 260910524
START Player-1 RandomPlayer
1 5 0 0 0
2 3 2 1 1
3 2 0 1 0
1 4 0 1 1
3 5 3 1 0
2 4 1 0 1
3 5 2 1 0
2 0 3 1 1
3 4 0 0 0
4 4 1 0 1
4 0 2 0 0
GAMEOVER WINNER 0
# Game ended: Sat Apr 10 23:25:02 EDT 2021
