# Server version 0.08 running on DESKTOP-HSPQEDE:8123
# Game ID: 164
# Board class: pentago_twist.PentagoBoard
# Timeout: 20000
# First Move Timeout: 30000
# Date: Sun Apr 11 20:09:41 EDT 2021
# Player 1: Player-0, '260910524', running on 127.0.0.1
# Player 2: Player-1, 'BruteForce', running on 127.0.0.1
START Player-0 260910524
START Player-1 BruteForce
0 3 2 0 0
1 2 2 0 1
4 4 1 1 0
2 1 1 0 1
4 1 3 0 0
3 2 1 0 1
3 4 2 0 0
3 2 3 1 1
5 4 3 0 0
4 2 3 0 1
3 1 3 0 0
2 2 3 1 1
GAMEOVER WINNER 1
# Game ended: Sun Apr 11 20:09:52 EDT 2021
