# Server version 0.08 running on DESKTOP-HSPQEDE:8123
# Game ID: 87
# Board class: pentago_twist.PentagoBoard
# Timeout: 20000
# First Move Timeout: 30000
# Date: Sun Apr 11 19:30:11 EDT 2021
# Player 1: Player-0, 'RandomPlayer', running on 127.0.0.1
# Player 2: Player-1, '260910524', running on 127.0.0.1
START Player-0 RandomPlayer
START Player-1 260910524
3 5 2 1 0
5 4 3 0 1
3 5 2 1 0
4 4 2 1 1
2 0 3 1 0
4 3 0 1 1
2 1 3 0 0
1 4 0 0 1
0 5 1 0 0
1 5 1 0 1
GAMEOVER WINNER 1
# Game ended: Sun Apr 11 19:30:19 EDT 2021
