# Server version 0.08 running on DESKTOP-HSPQEDE:8123
# Game ID: 163
# Board class: pentago_twist.PentagoBoard
# Timeout: 20000
# First Move Timeout: 30000
# Date: Sun Apr 11 20:09:23 EDT 2021
# Player 1: Player-0, 'BruteForce', running on 127.0.0.1
# Player 2: Player-1, '260910524', running on 127.0.0.1
START Player-0 BruteForce
START Player-1 260910524
0 4 1 1 0
1 2 2 1 1
0 3 0 1 0
0 1 1 0 1
2 3 2 0 0
1 4 2 1 1
2 4 1 0 0
1 2 2 1 1
3 0 1 0 0
1 1 0 0 1
5 5 3 1 0
2 4 1 0 1
2 4 1 0 0
1 0 1 0 1
5 5 3 1 0
0 0 1 1 1
GAMEOVER WINNER 1
# Game ended: Sun Apr 11 20:09:39 EDT 2021
