# Server version 0.08 running on DESKTOP-HSPQEDE:8123
# Game ID: 102
# Board class: pentago_twist.PentagoBoard
# Timeout: 2000
# First Move Timeout: 30000
# Date: Mon Apr 12 21:40:10 EDT 2021
# Player 1: Player-0, '260910524', running on DESKTOP-HSPQEDE
# Player 2: Player-1, 'Human', running on DESKTOP-HSPQEDE
START Player-0 260910524
START Player-1 Human
0 5 0 1 0
4 1 0 0 1
1 5 3 0 0
3 1 0 0 1
4 0 3 0 0
5 1 1 1 1
2 3 3 1 0
2 1 1 1 1
5 5 0 0 0
2 1 0 0 1
5 4 3 1 0
5 5 0 0 1
5 2 2 0 0
2 1 2 0 1
1 1 3 1 0
2 2 0 0 1
0 1 3 1 0
0 0 0 0 1
4 3 3 0 0
2 4 3 1 1
GAMEOVER WINNER 0
# Game ended: Mon Apr 12 21:41:25 EDT 2021
