# Server version 0.08 running on DESKTOP-HSPQEDE:8123
# Game ID: 83
# Board class: pentago_twist.PentagoBoard
# Timeout: 20000
# First Move Timeout: 30000
# Date: Sun Apr 11 19:29:30 EDT 2021
# Player 1: Player-0, 'RandomPlayer', running on 127.0.0.1
# Player 2: Player-1, '260910524', running on 127.0.0.1
START Player-0 RandomPlayer
START Player-1 260910524
4 5 3 1 0
3 4 2 1 1
5 4 1 0 0
3 5 0 0 1
3 1 3 0 0
3 5 2 0 1
2 2 1 1 0
5 0 3 1 1
3 0 2 0 0
4 0 3 0 1
2 3 2 0 0
GAMEOVER WINNER 1
# Game ended: Sun Apr 11 19:29:37 EDT 2021
