# Server version 0.08 running on DESKTOP-HSPQEDE:8123
# Game ID: 156
# Board class: pentago_twist.PentagoBoard
# Timeout: 20000
# First Move Timeout: 30000
# Date: Sat Apr 10 23:25:41 EDT 2021
# Player 1: Player-0, '260910524', running on 127.0.0.1
# Player 2: Player-1, 'RandomPlayer', running on 127.0.0.1
START Player-0 260910524
START Player-1 RandomPlayer
4 0 0 0 0
1 5 0 1 1
4 1 3 0 0
5 3 3 1 1
4 4 3 1 0
2 0 0 0 1
4 2 1 0 0
0 2 2 0 1
4 3 2 0 0
GAMEOVER WINNER 0
# Game ended: Sat Apr 10 23:25:49 EDT 2021
