# Server version 0.08 running on DESKTOP-HSPQEDE:8123
# Game ID: 154
# Board class: pentago_twist.PentagoBoard
# Timeout: 20000
# First Move Timeout: 30000
# Date: Sat Apr 10 23:25:15 EDT 2021
# Player 1: Player-0, '260910524', running on 127.0.0.1
# Player 2: Player-1, 'RandomPlayer', running on 127.0.0.1
START Player-0 260910524
START Player-1 RandomPlayer
2 0 2 0 0
3 1 3 0 1
4 1 2 1 0
5 0 1 1 1
0 0 2 1 0
5 4 0 0 1
2 3 2 1 0
4 5 0 1 1
0 1 1 1 0
1 5 0 1 1
2 4 1 0 0
1 5 3 0 1
5 5 1 0 0
GAMEOVER WINNER 0
# Game ended: Sat Apr 10 23:25:27 EDT 2021
