# Server version 0.08 running on DESKTOP-HSPQEDE:8123
# Game ID: 104
# Board class: pentago_twist.PentagoBoard
# Timeout: 2000
# First Move Timeout: 30000
# Date: Tue Apr 13 15:10:57 EDT 2021
# Player 1: Player-0, 'Human', running on DESKTOP-HSPQEDE
# Player 2: Player-1, '260910524', running on DESKTOP-HSPQEDE
START Player-0 Human
START Player-1 260910524
1 1 1 1 0
4 1 1 0 1
2 2 1 1 0
4 4 0 0 1
3 3 0 1 0
2 5 0 1 1
0 2 0 0 0
1 4 2 0 1
3 2 3 1 0
3 4 2 0 1
2 4 1 0 0
1 5 1 0 1
2 3 1 0 0
5 4 1 1 1
2 4 3 0 0
4 2 3 1 1
GAMEOVER WINNER 1
# Game ended: Tue Apr 13 15:11:59 EDT 2021
