# Server version 0.08 running on DESKTOP-HSPQEDE:8123
# Game ID: 221
# Board class: pentago_twist.PentagoBoard
# Timeout: 20000
# First Move Timeout: 30000
# Date: Sun Apr 11 16:31:55 EDT 2021
# Player 1: Player-0, '260910524', running on DESKTOP-HSPQEDE
# Player 2: Player-1, 'Human', running on DESKTOP-HSPQEDE
START Player-0 260910524
START Player-1 Human
0 0 2 0 0
3 3 1 1 1
0 2 1 0 0
2 2 1 1 1
1 0 3 1 0
1 1 3 0 1
0 4 0 0 0
4 4 0 1 1
0 2 0 1 0
3 3 0 1 1
GAMEOVER WINNER 1
# Game ended: Sun Apr 11 16:32:24 EDT 2021
