# Server version 0.08 running on DESKTOP-HSPQEDE:8123
# Game ID: 304
# Board class: pentago_twist.PentagoBoard
# Timeout: 2000
# First Move Timeout: 30000
# Date: Sun Apr 11 22:22:53 EDT 2021
# Player 1: Player-0, 'Human', running on DESKTOP-HSPQEDE
# Player 2: Player-1, '260910524', running on DESKTOP-HSPQEDE
START Player-0 Human
START Player-1 260910524
2 2 3 1 0
1 4 2 1 1
4 4 2 1 0
2 0 0 0 1
1 1 1 1 0
0 2 2 0 1
3 3 1 1 0
5 5 3 1 1
3 3 3 1 0
5 4 2 1 1
5 3 1 1 0
5 2 0 0 1
4 3 1 1 0
5 1 2 1 1
5 2 0 0 0
4 5 2 1 1
4 0 0 0 0
4 2 0 1 1
3 2 0 1 0
3 1 0 1 1
3 0 2 0 0
1 0 2 0 1
1 2 0 0 0
4 1 2 0 1
2 3 0 0 0
2 2 1 0 1
0 4 0 0 0
1 0 2 1 1
GAMEOVER WINNER 1
# Game ended: Sun Apr 11 22:41:26 EDT 2021
