# Server version 0.08 running on DESKTOP-HSPQEDE:8123
# Game ID: 222
# Board class: pentago_twist.PentagoBoard
# Timeout: 20000
# First Move Timeout: 30000
# Date: Sun Apr 11 16:36:11 EDT 2021
# Player 1: Player-0, '260910524', running on DESKTOP-HSPQEDE
# Player 2: Player-1, 'Human', running on DESKTOP-HSPQEDE
START Player-0 260910524
START Player-1 Human
5 3 0 0 0
1 1 1 1 1
3 5 0 1 0
2 1 1 1 1
2 0 2 0 0
3 1 1 1 1
5 5 2 0 0
3 1 1 1 1
0 2 1 0 0
4 1 1 1 1
0 0 0 0 0
2 1 1 1 1
0 1 0 0 0
2 1 1 1 1
GAMEOVER WINNER 1
# Game ended: Sun Apr 11 16:37:48 EDT 2021
