# Server version 0.08 running on DESKTOP-HSPQEDE:8123
# Game ID: 117
# Board class: pentago_twist.PentagoBoard
# Timeout: 20000
# First Move Timeout: 30000
# Date: Sun Apr 11 19:54:10 EDT 2021
# Player 1: Player-0, 'BruteForce', running on 127.0.0.1
# Player 2: Player-1, '260910524', running on 127.0.0.1
START Player-0 BruteForce
START Player-1 260910524
2 5 3 1 0
4 1 0 0 1
0 0 2 1 0
4 4 2 1 1
2 1 3 1 0
3 4 3 1 1
2 4 2 1 0
5 4 2 0 1
4 2 3 1 0
3 1 3 0 1
5 5 3 0 0
4 0 3 0 1
5 5 3 0 0
1 4 3 0 1
1 5 3 0 0
5 1 3 0 1
5 4 3 0 0
2 2 3 0 1
3 5 3 0 0
GAMEOVER WINNER 0
# Game ended: Sun Apr 11 19:54:28 EDT 2021
