# Server version 0.08 running on DESKTOP-HSPQEDE:8123
# Game ID: 286
# Board class: pentago_twist.PentagoBoard
# Timeout: 2000
# First Move Timeout: 30000
# Date: Sun Apr 11 21:54:01 EDT 2021
# Player 1: Player-0, 'MCTS+BruteForce', running on 127.0.0.1
# Player 2: Player-1, 'MCTS', running on 127.0.0.1
START Player-0 MCTS+BruteForce
START Player-1 MCTS
1 4 0 1 0
4 4 2 0 1
4 1 0 1 0
1 1 2 0 1
3 2 3 1 0
3 3 2 0 1
3 0 1 1 0
5 5 0 1 1
2 3 2 1 0
GAMEOVER WINNER 0
# Game ended: Sun Apr 11 21:54:13 EDT 2021
