# Server version 0.08 running on DESKTOP-HSPQEDE:8123
# Game ID: 170
# Board class: pentago_twist.PentagoBoard
# Timeout: 20000
# First Move Timeout: 30000
# Date: Sun Apr 11 20:11:21 EDT 2021
# Player 1: Player-0, '260910524', running on 127.0.0.1
# Player 2: Player-1, 'BruteForce', running on 127.0.0.1
START Player-0 260910524
START Player-1 BruteForce
1 4 0 0 0
3 4 3 0 1
1 1 3 1 0
3 2 3 1 1
4 4 0 1 0
2 4 3 0 1
1 5 3 1 0
4 3 2 1 1
1 3 3 1 0
5 5 3 1 1
0 1 0 0 0
GAMEOVER WINNER 0
# Game ended: Sun Apr 11 20:11:32 EDT 2021
