# Server version 0.08 running on DESKTOP-HSPQEDE:8123
# Game ID: 260
# Board class: pentago_twist.PentagoBoard
# Timeout: 2000
# First Move Timeout: 30000
# Date: Sun Apr 11 21:45:29 EDT 2021
# Player 1: Player-0, 'MCTS+BruteForce', running on 127.0.0.1
# Player 2: Player-1, 'MCTS', running on 127.0.0.1
START Player-0 MCTS+BruteForce
START Player-1 MCTS
0 0 1 1 0
2 5 0 1 1
0 0 2 1 0
4 4 0 1 1
0 1 0 1 0
2 1 3 0 1
2 3 3 0 0
1 0 2 1 1
1 3 1 0 0
GAMEOVER WINNER 0
# Game ended: Sun Apr 11 21:45:41 EDT 2021
