# Server version 0.08 running on DESKTOP-HSPQEDE:8123
# Game ID: 45
# Board class: pentago_twist.PentagoBoard
# Timeout: 20000
# First Move Timeout: 30000
# Date: Sat Apr 10 17:47:57 EDT 2021
# Player 1: Player-0, '260910524', running on DESKTOP-HSPQEDE
# Player 2: Player-1, 'Human', running on DESKTOP-HSPQEDE
START Player-0 260910524
START Player-1 Human
2 4 1 1 0
5 0 0 0 1
4 0 0 1 0
5 1 0 0 1
0 1 1 1 0
5 2 0 0 1
0 1 1 1 0
5 4 0 0 1
1 4 2 1 0
5 3 0 0 1
GAMEOVER WINNER 1
# Game ended: Sat Apr 10 17:48:37 EDT 2021
