# Server version 0.08 running on DESKTOP-HSPQEDE:8123
# Game ID: 171
# Board class: pentago_twist.PentagoBoard
# Timeout: 20000
# First Move Timeout: 30000
# Date: Sun Apr 11 20:11:33 EDT 2021
# Player 1: Player-0, 'BruteForce', running on 127.0.0.1
# Player 2: Player-1, '260910524', running on 127.0.0.1
START Player-0 BruteForce
START Player-1 260910524
0 1 3 1 0
0 0 2 1 1
5 2 2 1 0
1 4 0 0 1
4 2 0 1 0
1 1 0 1 1
3 4 1 1 0
4 4 0 1 1
1 3 2 1 0
3 3 0 1 1
5 5 3 1 0
2 0 3 1 1
5 3 3 0 0
3 0 3 1 1
5 4 3 1 0
5 5 3 1 1
5 1 3 1 0
3 4 3 1 1
5 0 3 1 0
GAMEOVER WINNER 0
# Game ended: Sun Apr 11 20:11:51 EDT 2021
