# Server version 0.08 running on DESKTOP-HSPQEDE:8123
# Game ID: 123
# Board class: pentago_twist.PentagoBoard
# Timeout: 2000
# First Move Timeout: 30000
# Date: Tue Apr 13 15:20:54 EDT 2021
# Player 1: Player-0, 'RandomPlayer', running on 127.0.0.1
# Player 2: Player-1, '260910524', running on 127.0.0.1
START Player-0 RandomPlayer
START Player-1 260910524
4 0 0 1 0
3 4 2 0 1
1 0 3 0 0
5 4 0 1 1
2 5 0 0 0
5 2 2 0 1
0 0 1 1 0
0 2 0 0 1
0 5 2 0 0
4 3 2 0 1
4 1 2 1 0
1 2 0 0 1
5 2 2 1 0
1 2 0 1 1
GAMEOVER WINNER 1
# Game ended: Tue Apr 13 15:21:03 EDT 2021
