# Server version 0.08 running on DESKTOP-HSPQEDE:8123
# Game ID: 24
# Board class: pentago_twist.PentagoBoard
# Timeout: 2000
# First Move Timeout: 30000
# Date: Mon Apr 12 20:47:32 EDT 2021
# Player 1: Player-0, 'BruteForce', running on 127.0.0.1
# Player 2: Player-1, 'MCTS+BruteForce', running on 127.0.0.1
START Player-0 BruteForce
START Player-1 MCTS+BruteForce
5 3 1 0 0
1 1 1 0 1
2 1 3 1 0
4 4 0 1 1
4 2 0 0 0
5 3 3 1 1
4 5 3 1 0
3 5 1 0 1
2 2 2 1 0
0 2 0 0 1
5 4 0 1 0
0 2 3 0 1
5 4 3 0 0
5 5 3 0 1
5 2 3 1 0
2 3 3 0 1
5 4 3 1 0
1 2 3 1 1
5 1 3 1 0
5 0 3 1 1
4 2 3 1 0
4 1 3 1 1
3 2 3 1 0
3 1 3 1 1
1 0 3 1 0
3 0 2 0 1
2 5 2 1 0
2 4 3 1 1
2 1 3 1 0
1 5 3 1 1
1 4 3 1 0
1 3 3 1 1
0 5 3 1 0
0 4 3 1 1
0 3 3 1 0
0 0 3 1 1
GAMEOVER DRAW
# Game ended: Mon Apr 12 20:47:54 EDT 2021
