# Server version 0.08 running on DESKTOP-HSPQEDE:8123
# Game ID: 67
# Board class: pentago_twist.PentagoBoard
# Timeout: 20000
# First Move Timeout: 30000
# Date: Sat Apr 10 22:51:18 EDT 2021
# Player 1: Player-0, '260910524', running on DESKTOP-HSPQEDE
# Player 2: Player-1, 'Human', running on DESKTOP-HSPQEDE
START Player-0 260910524
START Player-1 Human
5 5 0 0 0
0 0 1 1 1
4 3 1 1 0
0 1 1 1 1
2 0 1 1 0
0 2 1 1 1
3 0 3 0 0
0 3 3 1 1
2 1 2 1 0
GAMEOVER ILLEGAL MOVE: Player 1, Move: (0, 4), R/F: (3, 3) WINNER 0
# Game ended: Sat Apr 10 22:51:39 EDT 2021
