# Server version 0.08 running on DESKTOP-HSPQEDE:8123
# Game ID: 192
# Board class: pentago_twist.PentagoBoard
# Timeout: 20000
# First Move Timeout: 30000
# Date: Sun Apr 11 20:18:38 EDT 2021
# Player 1: Player-0, '260910524', running on 127.0.0.1
# Player 2: Player-1, 'BruteForce', running on 127.0.0.1
START Player-0 260910524
START Player-1 BruteForce
4 4 2 0 0
5 0 0 1 1
4 1 2 1 0
0 2 2 1 1
5 1 2 0 0
0 4 1 1 1
4 2 1 0 0
4 3 2 0 1
4 5 2 0 0
5 5 2 0 1
1 1 2 0 0
5 4 3 0 1
0 0 3 0 0
GAMEOVER WINNER 0
# Game ended: Sun Apr 11 20:18:51 EDT 2021
