# Server version 0.08 running on DESKTOP-HSPQEDE:8123
# Game ID: 240
# Board class: pentago_twist.PentagoBoard
# Timeout: 2000
# First Move Timeout: 30000
# Date: Sun Apr 11 21:39:03 EDT 2021
# Player 1: Player-0, 'MCTS+BruteForce', running on 127.0.0.1
# Player 2: Player-1, 'MCTS', running on 127.0.0.1
START Player-0 MCTS+BruteForce
START Player-1 MCTS
4 4 3 0 0
5 4 3 1 1
5 5 3 1 0
4 5 1 0 1
3 5 2 0 0
0 1 2 1 1
1 1 3 1 0
1 0 0 0 1
2 2 2 1 0
GAMEOVER WINNER 0
# Game ended: Sun Apr 11 21:39:15 EDT 2021
