# Server version 0.08 running on DESKTOP-HSPQEDE:8123
# Game ID: 57
# Board class: pentago_twist.PentagoBoard
# Timeout: 20000
# First Move Timeout: 30000
# Date: Sat Apr 10 22:30:45 EDT 2021
# Starting at move 8
# Player 1: Player-0, '260910524', running on DESKTOP-HSPQEDE
# Player 2: Player-1, 'Human', running on DESKTOP-HSPQEDE
START Player-0 260910524
START Player-1 Human
5 5 3 1 0
0 0 1 1 1
5 5 3 1 0
0 1 1 1 1
5 4 3 1 0
0 2 1 1 1
5 2 3 1 0
5 1 2 0 1
5 2 3 1 0
5 1 2 0 1
5 2 3 1 0
5 1 2 0 1
5 2 3 1 0
5 1 2 0 1
4 5 3 1 0
0 4 3 0 1
5 5 3 1 0
0 3 3 0 1
GAMEOVER WINNER 1
# Game ended: Sat Apr 10 22:31:22 EDT 2021
