# Server version 0.08 running on DESKTOP-HSPQEDE:8123
# Game ID: 114
# Board class: pentago_twist.PentagoBoard
# Timeout: 20000
# First Move Timeout: 30000
# Date: Sun Apr 11 19:53:05 EDT 2021
# Player 1: Player-0, '260910524', running on 127.0.0.1
# Player 2: Player-1, 'BruteForce', running on 127.0.0.1
START Player-0 260910524
START Player-1 BruteForce
5 2 3 0 0
5 4 3 1 1
2 4 1 0 0
2 5 3 0 1
4 5 1 1 0
2 4 1 1 1
1 4 3 0 0
5 1 1 0 1
2 4 1 1 0
5 5 3 1 1
4 4 3 0 0
3 4 3 1 1
1 1 3 1 0
1 2 3 1 1
0 1 1 0 0
5 5 1 0 1
3 3 1 0 0
5 4 1 0 1
1 0 1 0 0
5 3 1 0 1
2 3 1 0 0
5 0 2 1 1
GAMEOVER WINNER 1
# Game ended: Sun Apr 11 19:53:27 EDT 2021
