# Server version 0.08 running on DESKTOP-HSPQEDE:8123
# Game ID: 18
# Board class: pentago_twist.PentagoBoard
# Timeout: 20000
# First Move Timeout: 30000
# Date: Fri Apr 09 21:02:05 EDT 2021
# Player 1: Player-0, '260910524', running on DESKTOP-HSPQEDE
# Player 2: Player-1, 'Human', running on DESKTOP-HSPQEDE
START Player-0 260910524
START Player-1 Human
5 5 3 1 0
5 0 0 0 1
5 5 3 1 0
5 4 0 0 1
5 2 3 1 0
5 1 0 0 1
4 5 3 1 0
3 3 0 0 1
4 5 3 1 0
4 4 0 0 1
4 2 3 1 0
4 1 1 1 1
4 0 3 1 0
3 1 1 1 1
3 4 3 1 0
2 1 1 1 1
3 5 0 0 0
1 2 0 0 1
1 1 3 1 0
3 2 0 0 1
3 0 3 1 0
2 3 0 0 1
2 5 1 0 0
2 5 0 0 1
2 4 2 1 0
2 1 1 1 1
2 2 1 1 0
2 0 0 0 1
2 2 3 1 0
0 2 2 0 1
0 4 2 0 0
1 2 1 1 1
1 4 1 1 0
1 3 1 1 1
1 3 3 1 0
0 3 1 1 1
GAMEOVER DRAW
# Game ended: Fri Apr 09 21:03:22 EDT 2021
