# Server version 0.08 running on DESKTOP-HSPQEDE:8123
# Game ID: 122
# Board class: pentago_twist.PentagoBoard
# Timeout: 20000
# First Move Timeout: 30000
# Date: Sun Apr 11 19:55:44 EDT 2021
# Player 1: Player-0, '260910524', running on 127.0.0.1
# Player 2: Player-1, 'BruteForce', running on 127.0.0.1
START Player-0 260910524
START Player-1 BruteForce
5 2 0 1 0
3 0 1 1 1
4 1 1 0 0
4 5 3 1 1
4 5 3 0 0
2 1 0 0 1
5 1 2 1 0
3 1 1 0 1
5 2 0 0 0
5 5 3 0 1
3 0 3 1 0
5 4 3 1 1
1 4 2 0 0
2 3 2 1 1
2 5 2 1 0
0 3 2 1 1
3 3 2 1 0
1 3 3 0 1
GAMEOVER WINNER 1
# Game ended: Sun Apr 11 19:56:02 EDT 2021
