# Server version 0.08 running on DESKTOP-HSPQEDE:8123
# Game ID: 92
# Board class: pentago_twist.PentagoBoard
# Timeout: 20000
# First Move Timeout: 30000
# Date: Sun Apr 11 19:30:59 EDT 2021
# Player 1: Player-0, '260910524', running on 127.0.0.1
# Player 2: Player-1, 'RandomPlayer', running on 127.0.0.1
START Player-0 260910524
START Player-1 RandomPlayer
5 3 1 0 0
0 4 3 0 1
1 1 0 1 0
5 0 3 0 1
4 4 1 1 0
5 5 0 0 1
5 3 3 1 0
2 1 2 0 1
0 2 0 0 0
GAMEOVER WINNER 0
# Game ended: Sun Apr 11 19:31:07 EDT 2021
