# Server version 0.08 running on DESKTOP-HSPQEDE:8123
# Game ID: 17
# Board class: pentago_twist.PentagoBoard
# Timeout: 20000
# First Move Timeout: 30000
# Date: Tue Apr 06 00:10:35 EDT 2021
# Player 1: Player-0, '260910524', running on DESKTOP-HSPQEDE
# Player 2: Player-1, 'Human', running on DESKTOP-HSPQEDE
START Player-0 260910524
START Player-1 Human
5 5 3 1 0
5 4 0 0 1
5 5 3 1 0
4 4 0 0 1
5 2 3 1 0
3 4 0 0 1
5 1 3 1 0
2 4 0 0 1
5 0 1 0 0
2 4 0 0 1
4 5 1 0 0
2 4 0 0 1
1 4 3 1 0
2 2 2 0 1
5 2 3 1 0
2 0 0 0 1
5 1 3 1 0
2 2 0 0 1
4 5 3 1 0
GAMEOVER ILLEGAL MOVE: Player 1, Move: (0, 3), R/F: (3, 3) WINNER 0
# Game ended: Tue Apr 06 00:11:26 EDT 2021
