# Server version 0.08 running on DESKTOP-HSPQEDE:8123
# Game ID: 11
# Board class: pentago_twist.PentagoBoard
# Timeout: 20000
# First Move Timeout: 30000
# Date: Sun Apr 11 19:17:15 EDT 2021
# Player 1: Player-0, 'RandomPlayer', running on 127.0.0.1
# Player 2: Player-1, '260910524', running on 127.0.0.1
START Player-0 RandomPlayer
START Player-1 260910524
4 5 1 0 0
4 1 3 0 1
5 3 0 0 0
3 4 2 1 1
2 4 3 0 0
3 4 0 0 1
3 1 1 1 0
4 4 2 0 1
5 0 2 0 0
4 2 0 1 1
1 5 3 0 0
4 0 3 0 1
GAMEOVER WINNER 1
# Game ended: Sun Apr 11 19:17:24 EDT 2021
