# Server version 0.08 running on DESKTOP-HSPQEDE:8123
# Game ID: 202
# Board class: pentago_twist.PentagoBoard
# Timeout: 20000
# First Move Timeout: 30000
# Date: Sun Apr 11 15:17:08 EDT 2021
# Player 1: Player-0, 'RandomPlayer', running on 127.0.0.1
# Player 2: Player-1, '260910524', running on 127.0.0.1
START Player-0 RandomPlayer
START Player-1 260910524
3 4 1 1 0
0 0 0 1 1
2 3 1 1 0
0 0 1 0 1
5 5 1 0 0
0 1 3 0 1
3 0 0 1 0
0 4 0 0 1
3 3 1 1 0
5 5 3 0 1
3 4 3 1 0
2 0 1 1 1
1 1 1 0 0
4 3 2 1 1
2 3 3 1 0
1 0 0 1 1
4 2 3 1 0
5 3 3 0 1
5 0 3 1 0
0 1 3 0 1
1 4 2 1 0
4 3 3 1 1
2 4 2 1 0
5 2 3 1 1
2 1 2 1 0
1 3 2 1 1
4 1 0 0 0
GAMEOVER WINNER 0
# Game ended: Sun Apr 11 15:17:28 EDT 2021
